app/build/intermediates/manifest_merge_blame_file/debug/manifest-merger-blame-debug-report.txt
1<?xml version="1.0" encoding="utf-8"?>
2<manifest xmlns:android="http://schemas.android.com/apk/res/android"
3    package="com.example.tienda_de_rosita"
4    android:versionCode="1"
5    android:versionName="1.0" >
6
7    <uses-sdk
8        android:minSdkVersion="21"
8-->src\main\AndroidManifest.xml
9        android:targetSdkVersion="32" />
9-->src\main\AndroidManifest.xml
10
11    <!-- Include required permissions for Google Maps API to run. -->
12    <uses-permission android:name="android.permission.ACCESS_NETWORK_STATE" />
12-->[com.google.android.gms:play-services-maps:18.1.0] AndroidManifest.xml:23:5-79
12-->[com.google.android.gms:play-services-maps:18.1.0] AndroidManifest.xml:23:22-76
13    <uses-permission android:name="android.permission.INTERNET" />
13-->[com.google.android.gms:play-services-maps:18.1.0] AndroidManifest.xml:24:5-67
13-->[com.google.android.gms:play-services-maps:18.1.0] AndroidManifest.xml:24:22-64
14
15    <uses-feature
15-->[com.google.android.gms:play-services-maps:18.1.0] AndroidManifest.xml:26:5-28:35
16        android:glEsVersion="0x00020000"
16-->[com.google.android.gms:play-services-maps:18.1.0] AndroidManifest.xml:27:9-41
17        android:required="true" />
17-->[com.google.android.gms:play-services-maps:18.1.0] AndroidManifest.xml:28:9-32
18
19    <queries>
19-->[com.google.android.gms:play-services-maps:18.1.0] AndroidManifest.xml:30:5-34:15
20
21        <!-- Needs to be explicitly declared on Android R+ -->
22        <package android:name="com.google.android.apps.maps" />
22-->[com.google.android.gms:play-services-maps:18.1.0] AndroidManifest.xml:33:9-64
22-->[com.google.android.gms:play-services-maps:18.1.0] AndroidManifest.xml:33:18-61
23    </queries>
24
25    <uses-permission android:name="android.permission.WAKE_LOCK" />
25-->[com.google.android.gms:play-services-measurement-api:21.2.0] AndroidManifest.xml:24:5-68
25-->[com.google.android.gms:play-services-measurement-api:21.2.0] AndroidManifest.xml:24:22-65
26    <uses-permission android:name="com.google.android.gms.permission.AD_ID" />
26-->[com.google.android.gms:play-services-measurement-api:21.2.0] AndroidManifest.xml:25:5-79
26-->[com.google.android.gms:play-services-measurement-api:21.2.0] AndroidManifest.xml:25:22-76
27    <uses-permission android:name="com.google.android.finsky.permission.BIND_GET_INSTALL_REFERRER_SERVICE" />
27-->[com.google.android.gms:play-services-measurement:21.2.0] AndroidManifest.xml:26:5-110
27-->[com.google.android.gms:play-services-measurement:21.2.0] AndroidManifest.xml:26:22-107
28
29    <application
29-->src\main\AndroidManifest.xml:5:5-53:19
30        android:allowBackup="true"
30-->src\main\AndroidManifest.xml:6:9-35
31        android:appComponentFactory="androidx.core.app.CoreComponentFactory"
31-->[androidx.core:core:1.8.0] AndroidManifest.xml:24:18-86
32        android:dataExtractionRules="@xml/data_extraction_rules"
32-->src\main\AndroidManifest.xml:7:9-65
33        android:debuggable="true"
34        android:fullBackupContent="@xml/backup_rules"
34-->src\main\AndroidManifest.xml:8:9-54
35        android:icon="@mipmap/ic_launcher"
35-->src\main\AndroidManifest.xml:9:9-43
36        android:label="@string/app_name"
36-->src\main\AndroidManifest.xml:10:9-41
37        android:roundIcon="@mipmap/ic_launcher_round"
37-->src\main\AndroidManifest.xml:11:9-54
38        android:supportsRtl="true"
38-->src\main\AndroidManifest.xml:12:9-35
39        android:testOnly="true"
40        android:theme="@style/Theme.AppCompat.NoActionBar" >
40-->src\main\AndroidManifest.xml:13:9-59
41        <activity
41-->src\main\AndroidManifest.xml:15:9-21:20
42            android:name="com.example.tienda_de_rosita.view.ui.activities.home"
42-->src\main\AndroidManifest.xml:16:13-52
43            android:exported="false" >
43-->src\main\AndroidManifest.xml:17:13-37
44            <meta-data
44-->src\main\AndroidManifest.xml:18:13-20:36
45                android:name="android.app.lib_name"
45-->src\main\AndroidManifest.xml:19:17-52
46                android:value="" />
46-->src\main\AndroidManifest.xml:20:17-33
47        </activity>
48        <activity
48-->src\main\AndroidManifest.xml:22:9-28:20
49            android:name="com.example.tienda_de_rosita.view.ui.activities.Registro"
49-->src\main\AndroidManifest.xml:23:13-56
50            android:exported="false" >
50-->src\main\AndroidManifest.xml:24:13-37
51            <meta-data
51-->src\main\AndroidManifest.xml:18:13-20:36
52                android:name="android.app.lib_name"
52-->src\main\AndroidManifest.xml:19:17-52
53                android:value="" />
53-->src\main\AndroidManifest.xml:20:17-33
54        </activity>
55        <activity
55-->src\main\AndroidManifest.xml:29:9-35:20
56            android:name="com.example.tienda_de_rosita.view.ui.activities.LoginActivity"
56-->src\main\AndroidManifest.xml:30:13-61
57            android:exported="true" >
57-->src\main\AndroidManifest.xml:31:13-36
58            <meta-data
58-->src\main\AndroidManifest.xml:18:13-20:36
59                android:name="android.app.lib_name"
59-->src\main\AndroidManifest.xml:19:17-52
60                android:value="" />
60-->src\main\AndroidManifest.xml:20:17-33
61        </activity>
62        <activity
62-->src\main\AndroidManifest.xml:36:9-48:20
63            android:name="com.example.tienda_de_rosita.view.ui.activities.MainActivity"
63-->src\main\AndroidManifest.xml:37:13-60
64            android:exported="true" >
64-->src\main\AndroidManifest.xml:38:13-36
65            <intent-filter>
65-->src\main\AndroidManifest.xml:39:13-43:29
66                <action android:name="android.intent.action.MAIN" />
66-->src\main\AndroidManifest.xml:40:17-69
66-->src\main\AndroidManifest.xml:40:25-66
67
68                <category android:name="android.intent.category.LAUNCHER" />
68-->src\main\AndroidManifest.xml:42:17-77
68-->src\main\AndroidManifest.xml:42:27-74
69            </intent-filter>
70
71            <meta-data
71-->src\main\AndroidManifest.xml:18:13-20:36
72                android:name="android.app.lib_name"
72-->src\main\AndroidManifest.xml:19:17-52
73                android:value="" />
73-->src\main\AndroidManifest.xml:20:17-33
74        </activity>
75
76        <meta-data
76-->src\main\AndroidManifest.xml:50:9-52:57
77            android:name="preloaded_fonts"
77-->src\main\AndroidManifest.xml:51:13-43
78            android:resource="@array/preloaded_fonts" />
78-->src\main\AndroidManifest.xml:52:13-54
79
80        <service
80-->[com.google.firebase:firebase-database-ktx:20.1.0] AndroidManifest.xml:11:9-17:19
81            android:name="com.google.firebase.components.ComponentDiscoveryService"
81-->[com.google.firebase:firebase-database-ktx:20.1.0] AndroidManifest.xml:12:13-84
82            android:directBootAware="true"
82-->[com.google.firebase:firebase-common:20.2.0] AndroidManifest.xml:34:13-43
83            android:exported="false" >
83-->[com.google.firebase:firebase-database-ktx:20.1.0] AndroidManifest.xml:13:13-37
84            <meta-data
84-->[com.google.firebase:firebase-database-ktx:20.1.0] AndroidManifest.xml:14:13-16:85
85                android:name="com.google.firebase.components:com.google.firebase.database.ktx.FirebaseDatabaseKtxRegistrar"
85-->[com.google.firebase:firebase-database-ktx:20.1.0] AndroidManifest.xml:15:17-124
86                android:value="com.google.firebase.components.ComponentRegistrar" />
86-->[com.google.firebase:firebase-database-ktx:20.1.0] AndroidManifest.xml:16:17-82
87            <meta-data
87-->[com.google.firebase:firebase-storage-ktx:20.1.0] AndroidManifest.xml:14:13-16:85
88                android:name="com.google.firebase.components:com.google.firebase.storage.ktx.FirebaseStorageKtxRegistrar"
88-->[com.google.firebase:firebase-storage-ktx:20.1.0] AndroidManifest.xml:15:17-122
89                android:value="com.google.firebase.components.ComponentRegistrar" />
89-->[com.google.firebase:firebase-storage-ktx:20.1.0] AndroidManifest.xml:16:17-82
90            <meta-data
90-->[com.google.firebase:firebase-auth-ktx:21.1.0] AndroidManifest.xml:11:13-13:85
91                android:name="com.google.firebase.components:com.google.firebase.auth.ktx.FirebaseAuthKtxRegistrar"
91-->[com.google.firebase:firebase-auth-ktx:21.1.0] AndroidManifest.xml:12:17-116
92                android:value="com.google.firebase.components.ComponentRegistrar" />
92-->[com.google.firebase:firebase-auth-ktx:21.1.0] AndroidManifest.xml:13:17-82
93            <meta-data
93-->[com.google.firebase:firebase-analytics-ktx:21.2.0] AndroidManifest.xml:11:13-13:85
94                android:name="com.google.firebase.components:com.google.firebase.analytics.ktx.FirebaseAnalyticsKtxRegistrar"
94-->[com.google.firebase:firebase-analytics-ktx:21.2.0] AndroidManifest.xml:12:17-126
95                android:value="com.google.firebase.components.ComponentRegistrar" />
95-->[com.google.firebase:firebase-analytics-ktx:21.2.0] AndroidManifest.xml:13:17-82
96            <meta-data
96-->[com.google.firebase:firebase-common-ktx:20.2.0] AndroidManifest.xml:14:13-16:85
97                android:name="com.google.firebase.components:com.google.firebase.ktx.FirebaseCommonKtxRegistrar"
97-->[com.google.firebase:firebase-common-ktx:20.2.0] AndroidManifest.xml:15:17-113
98                android:value="com.google.firebase.components.ComponentRegistrar" />
98-->[com.google.firebase:firebase-common-ktx:20.2.0] AndroidManifest.xml:16:17-82
99            <meta-data
99-->[com.google.firebase:firebase-database:20.1.0] AndroidManifest.xml:31:13-33:85
100                android:name="com.google.firebase.components:com.google.firebase.database.DatabaseRegistrar"
100-->[com.google.firebase:firebase-database:20.1.0] AndroidManifest.xml:32:17-109
101                android:value="com.google.firebase.components.ComponentRegistrar" />
101-->[com.google.firebase:firebase-database:20.1.0] AndroidManifest.xml:33:17-82
102            <meta-data
102-->[com.google.firebase:firebase-storage:20.1.0] AndroidManifest.xml:32:13-34:85
103                android:name="com.google.firebase.components:com.google.firebase.storage.StorageRegistrar"
103-->[com.google.firebase:firebase-storage:20.1.0] AndroidManifest.xml:33:17-107
104                android:value="com.google.firebase.components.ComponentRegistrar" />
104-->[com.google.firebase:firebase-storage:20.1.0] AndroidManifest.xml:34:17-82
105            <meta-data
105-->[com.google.firebase:firebase-auth:21.1.0] AndroidManifest.xml:67:13-69:85
106                android:name="com.google.firebase.components:com.google.firebase.auth.FirebaseAuthRegistrar"
106-->[com.google.firebase:firebase-auth:21.1.0] AndroidManifest.xml:68:17-109
107                android:value="com.google.firebase.components.ComponentRegistrar" />
107-->[com.google.firebase:firebase-auth:21.1.0] AndroidManifest.xml:69:17-82
108            <meta-data
108-->[com.google.android.gms:play-services-measurement-api:21.2.0] AndroidManifest.xml:31:13-33:85
109                android:name="com.google.firebase.components:com.google.firebase.analytics.connector.internal.AnalyticsConnectorRegistrar"
109-->[com.google.android.gms:play-services-measurement-api:21.2.0] AndroidManifest.xml:32:17-139
110                android:value="com.google.firebase.components.ComponentRegistrar" />
110-->[com.google.android.gms:play-services-measurement-api:21.2.0] AndroidManifest.xml:33:17-82
111            <meta-data
111-->[com.google.firebase:firebase-installations:17.1.0] AndroidManifest.xml:17:13-19:85
112                android:name="com.google.firebase.components:com.google.firebase.installations.FirebaseInstallationsRegistrar"
112-->[com.google.firebase:firebase-installations:17.1.0] AndroidManifest.xml:18:17-127
113                android:value="com.google.firebase.components.ComponentRegistrar" />
113-->[com.google.firebase:firebase-installations:17.1.0] AndroidManifest.xml:19:17-82
114        </service> <!-- Needs to be explicitly declared on P+ -->
115        <uses-library
115-->[com.google.android.gms:play-services-maps:18.1.0] AndroidManifest.xml:39:9-41:40
116            android:name="org.apache.http.legacy"
116-->[com.google.android.gms:play-services-maps:18.1.0] AndroidManifest.xml:40:13-50
117            android:required="false" />
117-->[com.google.android.gms:play-services-maps:18.1.0] AndroidManifest.xml:41:13-37
118
119        <activity
119-->[com.google.firebase:firebase-auth:21.1.0] AndroidManifest.xml:27:9-44:20
120            android:name="com.google.firebase.auth.internal.GenericIdpActivity"
120-->[com.google.firebase:firebase-auth:21.1.0] AndroidManifest.xml:28:13-80
121            android:excludeFromRecents="true"
121-->[com.google.firebase:firebase-auth:21.1.0] AndroidManifest.xml:29:13-46
122            android:exported="true"
122-->[com.google.firebase:firebase-auth:21.1.0] AndroidManifest.xml:30:13-36
123            android:launchMode="singleTask"
123-->[com.google.firebase:firebase-auth:21.1.0] AndroidManifest.xml:31:13-44
124            android:theme="@android:style/Theme.Translucent.NoTitleBar" >
124-->[com.google.firebase:firebase-auth:21.1.0] AndroidManifest.xml:32:13-72
125            <intent-filter>
125-->[com.google.firebase:firebase-auth:21.1.0] AndroidManifest.xml:33:13-43:29
126                <action android:name="android.intent.action.VIEW" />
126-->[com.google.firebase:firebase-auth:21.1.0] AndroidManifest.xml:34:17-69
126-->[com.google.firebase:firebase-auth:21.1.0] AndroidManifest.xml:34:25-66
127
128                <category android:name="android.intent.category.DEFAULT" />
128-->[com.google.firebase:firebase-auth:21.1.0] AndroidManifest.xml:36:17-76
128-->[com.google.firebase:firebase-auth:21.1.0] AndroidManifest.xml:36:27-73
129                <category android:name="android.intent.category.BROWSABLE" />
129-->[com.google.firebase:firebase-auth:21.1.0] AndroidManifest.xml:37:17-78
129-->[com.google.firebase:firebase-auth:21.1.0] AndroidManifest.xml:37:27-75
130
131                <data
131-->[com.google.firebase:firebase-auth:21.1.0] AndroidManifest.xml:39:17-42:51
132                    android:host="firebase.auth"
132-->[com.google.firebase:firebase-auth:21.1.0] AndroidManifest.xml:40:21-49
133                    android:path="/"
133-->[com.google.firebase:firebase-auth:21.1.0] AndroidManifest.xml:41:21-37
134                    android:scheme="genericidp" />
134-->[com.google.firebase:firebase-auth:21.1.0] AndroidManifest.xml:42:21-48
135            </intent-filter>
136        </activity>
137        <activity
137-->[com.google.firebase:firebase-auth:21.1.0] AndroidManifest.xml:45:9-62:20
138            android:name="com.google.firebase.auth.internal.RecaptchaActivity"
138-->[com.google.firebase:firebase-auth:21.1.0] AndroidManifest.xml:46:13-79
139            android:excludeFromRecents="true"
139-->[com.google.firebase:firebase-auth:21.1.0] AndroidManifest.xml:47:13-46
140            android:exported="true"
140-->[com.google.firebase:firebase-auth:21.1.0] AndroidManifest.xml:48:13-36
141            android:launchMode="singleTask"
141-->[com.google.firebase:firebase-auth:21.1.0] AndroidManifest.xml:49:13-44
142            android:theme="@android:style/Theme.Translucent.NoTitleBar" >
142-->[com.google.firebase:firebase-auth:21.1.0] AndroidManifest.xml:50:13-72
143            <intent-filter>
143-->[com.google.firebase:firebase-auth:21.1.0] AndroidManifest.xml:51:13-61:29
144                <action android:name="android.intent.action.VIEW" />
144-->[com.google.firebase:firebase-auth:21.1.0] AndroidManifest.xml:34:17-69
144-->[com.google.firebase:firebase-auth:21.1.0] AndroidManifest.xml:34:25-66
145
146                <category android:name="android.intent.category.DEFAULT" />
146-->[com.google.firebase:firebase-auth:21.1.0] AndroidManifest.xml:36:17-76
146-->[com.google.firebase:firebase-auth:21.1.0] AndroidManifest.xml:36:27-73
147                <category android:name="android.intent.category.BROWSABLE" />
147-->[com.google.firebase:firebase-auth:21.1.0] AndroidManifest.xml:37:17-78
147-->[com.google.firebase:firebase-auth:21.1.0] AndroidManifest.xml:37:27-75
148
149                <data
149-->[com.google.firebase:firebase-auth:21.1.0] AndroidManifest.xml:39:17-42:51
150                    android:host="firebase.auth"
150-->[com.google.firebase:firebase-auth:21.1.0] AndroidManifest.xml:40:21-49
151                    android:path="/"
151-->[com.google.firebase:firebase-auth:21.1.0] AndroidManifest.xml:41:21-37
152                    android:scheme="recaptcha" />
152-->[com.google.firebase:firebase-auth:21.1.0] AndroidManifest.xml:42:21-48
153            </intent-filter>
154        </activity>
155        <activity
155-->[com.google.android.gms:play-services-base:18.0.1] AndroidManifest.xml:20:9-22:45
156            android:name="com.google.android.gms.common.api.GoogleApiActivity"
156-->[com.google.android.gms:play-services-base:18.0.1] AndroidManifest.xml:20:19-85
157            android:exported="false"
157-->[com.google.android.gms:play-services-base:18.0.1] AndroidManifest.xml:22:19-43
158            android:theme="@android:style/Theme.Translucent.NoTitleBar" />
158-->[com.google.android.gms:play-services-base:18.0.1] AndroidManifest.xml:21:19-78
159
160        <provider
160-->[com.google.firebase:firebase-common:20.2.0] AndroidManifest.xml:25:9-30:39
161            android:name="com.google.firebase.provider.FirebaseInitProvider"
161-->[com.google.firebase:firebase-common:20.2.0] AndroidManifest.xml:26:13-77
162            android:authorities="com.example.tienda_de_rosita.firebaseinitprovider"
162-->[com.google.firebase:firebase-common:20.2.0] AndroidManifest.xml:27:13-72
163            android:directBootAware="true"
163-->[com.google.firebase:firebase-common:20.2.0] AndroidManifest.xml:28:13-43
164            android:exported="false"
164-->[com.google.firebase:firebase-common:20.2.0] AndroidManifest.xml:29:13-37
165            android:initOrder="100" />
165-->[com.google.firebase:firebase-common:20.2.0] AndroidManifest.xml:30:13-36
166
167        <receiver
167-->[com.google.android.gms:play-services-measurement:21.2.0] AndroidManifest.xml:29:9-33:20
168            android:name="com.google.android.gms.measurement.AppMeasurementReceiver"
168-->[com.google.android.gms:play-services-measurement:21.2.0] AndroidManifest.xml:30:13-85
169            android:enabled="true"
169-->[com.google.android.gms:play-services-measurement:21.2.0] AndroidManifest.xml:31:13-35
170            android:exported="false" >
170-->[com.google.android.gms:play-services-measurement:21.2.0] AndroidManifest.xml:32:13-37
171        </receiver>
172
173        <service
173-->[com.google.android.gms:play-services-measurement:21.2.0] AndroidManifest.xml:35:9-38:40
174            android:name="com.google.android.gms.measurement.AppMeasurementService"
174-->[com.google.android.gms:play-services-measurement:21.2.0] AndroidManifest.xml:36:13-84
175            android:enabled="true"
175-->[com.google.android.gms:play-services-measurement:21.2.0] AndroidManifest.xml:37:13-35
176            android:exported="false" />
176-->[com.google.android.gms:play-services-measurement:21.2.0] AndroidManifest.xml:38:13-37
177        <service
177-->[com.google.android.gms:play-services-measurement:21.2.0] AndroidManifest.xml:39:9-43:72
178            android:name="com.google.android.gms.measurement.AppMeasurementJobService"
178-->[com.google.android.gms:play-services-measurement:21.2.0] AndroidManifest.xml:40:13-87
179            android:enabled="true"
179-->[com.google.android.gms:play-services-measurement:21.2.0] AndroidManifest.xml:41:13-35
180            android:exported="false"
180-->[com.google.android.gms:play-services-measurement:21.2.0] AndroidManifest.xml:42:13-37
181            android:permission="android.permission.BIND_JOB_SERVICE" />
181-->[com.google.android.gms:play-services-measurement:21.2.0] AndroidManifest.xml:43:13-69
182
183        <meta-data
183-->[com.google.android.gms:play-services-basement:18.1.0] AndroidManifest.xml:21:9-23:69
184            android:name="com.google.android.gms.version"
184-->[com.google.android.gms:play-services-basement:18.1.0] AndroidManifest.xml:22:13-58
185            android:value="@integer/google_play_services_version" />
185-->[com.google.android.gms:play-services-basement:18.1.0] AndroidManifest.xml:23:13-66
186
187        <uses-library
187-->[androidx.window:window:1.0.0] AndroidManifest.xml:25:9-27:40
188            android:name="androidx.window.extensions"
188-->[androidx.window:window:1.0.0] AndroidManifest.xml:26:13-54
189            android:required="false" />
189-->[androidx.window:window:1.0.0] AndroidManifest.xml:27:13-37
190        <uses-library
190-->[androidx.window:window:1.0.0] AndroidManifest.xml:28:9-30:40
191            android:name="androidx.window.sidecar"
191-->[androidx.window:window:1.0.0] AndroidManifest.xml:29:13-51
192            android:required="false" />
192-->[androidx.window:window:1.0.0] AndroidManifest.xml:30:13-37
193
194        <provider
194-->[androidx.emoji2:emoji2:1.2.0] AndroidManifest.xml:24:9-32:20
195            android:name="androidx.startup.InitializationProvider"
195-->[androidx.emoji2:emoji2:1.2.0] AndroidManifest.xml:25:13-67
196            android:authorities="com.example.tienda_de_rosita.androidx-startup"
196-->[androidx.emoji2:emoji2:1.2.0] AndroidManifest.xml:26:13-68
197            android:exported="false" >
197-->[androidx.emoji2:emoji2:1.2.0] AndroidManifest.xml:27:13-37
198            <meta-data
198-->[androidx.emoji2:emoji2:1.2.0] AndroidManifest.xml:29:13-31:52
199                android:name="androidx.emoji2.text.EmojiCompatInitializer"
199-->[androidx.emoji2:emoji2:1.2.0] AndroidManifest.xml:30:17-75
200                android:value="androidx.startup" />
200-->[androidx.emoji2:emoji2:1.2.0] AndroidManifest.xml:31:17-49
201            <meta-data
201-->[androidx.lifecycle:lifecycle-process:2.4.1] AndroidManifest.xml:31:13-33:52
202                android:name="androidx.lifecycle.ProcessLifecycleInitializer"
202-->[androidx.lifecycle:lifecycle-process:2.4.1] AndroidManifest.xml:32:17-78
203                android:value="androidx.startup" />
203-->[androidx.lifecycle:lifecycle-process:2.4.1] AndroidManifest.xml:33:17-49
204        </provider>
205    </application>
206
207</manifest>